<?xml version="1.0" encoding="UTF-8" ?>
<testsuite failures="0" time="2.191" errors="0" skipped="0" tests="1" name="sandboxes.solrplugins.DownloadingUpdateProcessorTest">
  <properties>
    <property name="java.runtime.name" value="Java(TM) SE Runtime Environment"/>
    <property name="sun.boot.library.path" value="/System/Library/Java/JavaVirtualMachines/1.6.0.jdk/Contents/Libraries"/>
    <property name="java.vm.version" value="20.4-b02-402"/>
    <property name="awt.nativeDoubleBuffering" value="true"/>
    <property name="gopherProxySet" value="false"/>
    <property name="mrj.build" value="10M3527"/>
    <property name="java.vm.vendor" value="Apple Inc."/>
    <property name="java.vendor.url" value="http://www.apple.com/"/>
    <property name="path.separator" value=":"/>
    <property name="java.vm.name" value="Java HotSpot(TM) 64-Bit Server VM"/>
    <property name="file.encoding.pkg" value="sun.io"/>
    <property name="user.country" value="US"/>
    <property name="sun.java.launcher" value="SUN_STANDARD"/>
    <property name="sun.os.patch.level" value="unknown"/>
    <property name="java.vm.specification.name" value="Java Virtual Machine Specification"/>
    <property name="user.dir" value="/Users/rich/Documents/workspace/solr-plugins"/>
    <property name="java.runtime.version" value="1.6.0_29-b11-402-10M3527"/>
    <property name="java.awt.graphicsenv" value="apple.awt.CGraphicsEnvironment"/>
    <property name="basedir" value="/Users/rich/Documents/workspace/solr-plugins"/>
    <property name="java.endorsed.dirs" value="/System/Library/Java/JavaVirtualMachines/1.6.0.jdk/Contents/Home/lib/endorsed"/>
    <property name="os.arch" value="x86_64"/>
    <property name="surefire.real.class.path" value="/Users/rich/Documents/workspace/solr-plugins/target/surefire/surefirebooter1778227281339004711.jar"/>
    <property name="java.io.tmpdir" value="/var/folders/SS/SS1Up2xcE7iuPVqC9hlMR++++TI/-Tmp-/"/>
    <property name="line.separator" value="
"/>
    <property name="java.vm.specification.vendor" value="Sun Microsystems Inc."/>
    <property name="os.name" value="Mac OS X"/>
    <property name="sun.jnu.encoding" value="MacRoman"/>
    <property name="java.library.path" value=".:/Library/Java/Extensions:/System/Library/Java/Extensions:/usr/lib/java"/>
    <property name="surefire.test.class.path" value="/Users/rich/Documents/workspace/solr-plugins/target/test-classes:/Users/rich/Documents/workspace/solr-plugins/target/classes:/Users/rich/.m2/repository/junit/junit/4.10/junit-4.10.jar:/Users/rich/.m2/repository/org/hamcrest/hamcrest-core/1.1/hamcrest-core-1.1.jar:/Users/rich/.m2/repository/com/googlecode/shawty/0.9.3/shawty-0.9.3.jar:/Users/rich/.m2/repository/commons-jxpath/commons-jxpath/1.3/commons-jxpath-1.3.jar:/Users/rich/.m2/repository/log4j/log4j/1.2.15/log4j-1.2.15.jar:/Users/rich/.m2/repository/org/codehaus/groovy/groovy-all/1.8.5/groovy-all-1.8.5.jar:/Users/rich/.m2/repository/org/apache/solr/solr-core/3.5.0/solr-core-3.5.0.jar:/Users/rich/.m2/repository/org/apache/solr/solr-noggit/3.5.0/solr-noggit-3.5.0.jar:/Users/rich/.m2/repository/org/apache/lucene/lucene-core/3.5.0/lucene-core-3.5.0.jar:/Users/rich/.m2/repository/org/apache/lucene/lucene-analyzers/3.5.0/lucene-analyzers-3.5.0.jar:/Users/rich/.m2/repository/org/apache/lucene/lucene-highlighter/3.5.0/lucene-highlighter-3.5.0.jar:/Users/rich/.m2/repository/org/apache/lucene/lucene-memory/3.5.0/lucene-memory-3.5.0.jar:/Users/rich/.m2/repository/org/apache/lucene/lucene-misc/3.5.0/lucene-misc-3.5.0.jar:/Users/rich/.m2/repository/org/apache/lucene/lucene-queries/3.5.0/lucene-queries-3.5.0.jar:/Users/rich/.m2/repository/jakarta-regexp/jakarta-regexp/1.4/jakarta-regexp-1.4.jar:/Users/rich/.m2/repository/org/apache/lucene/lucene-spatial/3.5.0/lucene-spatial-3.5.0.jar:/Users/rich/.m2/repository/org/apache/lucene/lucene-spellchecker/3.5.0/lucene-spellchecker-3.5.0.jar:/Users/rich/.m2/repository/org/apache/lucene/lucene-grouping/3.5.0/lucene-grouping-3.5.0.jar:/Users/rich/.m2/repository/org/apache/solr/solr-commons-csv/3.5.0/solr-commons-csv-3.5.0.jar:/Users/rich/.m2/repository/commons-codec/commons-codec/1.5/commons-codec-1.5.jar:/Users/rich/.m2/repository/commons-fileupload/commons-fileupload/1.2.1/commons-fileupload-1.2.1.jar:/Users/rich/.m2/repository/commons-httpclient/commons-httpclient/3.1/commons-httpclient-3.1.jar:/Users/rich/.m2/repository/org/slf4j/jcl-over-slf4j/1.6.1/jcl-over-slf4j-1.6.1.jar:/Users/rich/.m2/repository/commons-io/commons-io/1.4/commons-io-1.4.jar:/Users/rich/.m2/repository/commons-lang/commons-lang/2.4/commons-lang-2.4.jar:/Users/rich/.m2/repository/com/google/guava/guava/r05/guava-r05.jar:/Users/rich/.m2/repository/javax/servlet/servlet-api/2.4/servlet-api-2.4.jar:/Users/rich/.m2/repository/org/apache/solr/solr-solrj/3.5.0/solr-solrj-3.5.0.jar:/Users/rich/.m2/repository/org/codehaus/woodstox/wstx-asl/3.2.7/wstx-asl-3.2.7.jar:/Users/rich/.m2/repository/org/apache/solr/solr-common/1.3.0/solr-common-1.3.0.jar:/Users/rich/.m2/repository/org/slf4j/slf4j-api/1.6.4/slf4j-api-1.6.4.jar:/Users/rich/.m2/repository/org/slf4j/slf4j-log4j12/1.6.4/slf4j-log4j12-1.6.4.jar:"/>
    <property name="java.specification.name" value="Java Platform API Specification"/>
    <property name="java.class.version" value="50.0"/>
    <property name="sun.management.compiler" value="HotSpot 64-Bit Tiered Compilers"/>
    <property name="os.version" value="10.6.8"/>
    <property name="http.nonProxyHosts" value="local|*.local|169.254/16|*.169.254/16"/>
    <property name="user.home" value="/Users/rich"/>
    <property name="user.timezone" value=""/>
    <property name="java.awt.printerjob" value="apple.awt.CPrinterJob"/>
    <property name="java.specification.version" value="1.6"/>
    <property name="file.encoding" value="MacRoman"/>
    <property name="user.name" value="rich"/>
    <property name="java.class.path" value="/Users/rich/Documents/workspace/solr-plugins/target/test-classes:/Users/rich/Documents/workspace/solr-plugins/target/classes:/Users/rich/.m2/repository/junit/junit/4.10/junit-4.10.jar:/Users/rich/.m2/repository/org/hamcrest/hamcrest-core/1.1/hamcrest-core-1.1.jar:/Users/rich/.m2/repository/com/googlecode/shawty/0.9.3/shawty-0.9.3.jar:/Users/rich/.m2/repository/commons-jxpath/commons-jxpath/1.3/commons-jxpath-1.3.jar:/Users/rich/.m2/repository/log4j/log4j/1.2.15/log4j-1.2.15.jar:/Users/rich/.m2/repository/org/codehaus/groovy/groovy-all/1.8.5/groovy-all-1.8.5.jar:/Users/rich/.m2/repository/org/apache/solr/solr-core/3.5.0/solr-core-3.5.0.jar:/Users/rich/.m2/repository/org/apache/solr/solr-noggit/3.5.0/solr-noggit-3.5.0.jar:/Users/rich/.m2/repository/org/apache/lucene/lucene-core/3.5.0/lucene-core-3.5.0.jar:/Users/rich/.m2/repository/org/apache/lucene/lucene-analyzers/3.5.0/lucene-analyzers-3.5.0.jar:/Users/rich/.m2/repository/org/apache/lucene/lucene-highlighter/3.5.0/lucene-highlighter-3.5.0.jar:/Users/rich/.m2/repository/org/apache/lucene/lucene-memory/3.5.0/lucene-memory-3.5.0.jar:/Users/rich/.m2/repository/org/apache/lucene/lucene-misc/3.5.0/lucene-misc-3.5.0.jar:/Users/rich/.m2/repository/org/apache/lucene/lucene-queries/3.5.0/lucene-queries-3.5.0.jar:/Users/rich/.m2/repository/jakarta-regexp/jakarta-regexp/1.4/jakarta-regexp-1.4.jar:/Users/rich/.m2/repository/org/apache/lucene/lucene-spatial/3.5.0/lucene-spatial-3.5.0.jar:/Users/rich/.m2/repository/org/apache/lucene/lucene-spellchecker/3.5.0/lucene-spellchecker-3.5.0.jar:/Users/rich/.m2/repository/org/apache/lucene/lucene-grouping/3.5.0/lucene-grouping-3.5.0.jar:/Users/rich/.m2/repository/org/apache/solr/solr-commons-csv/3.5.0/solr-commons-csv-3.5.0.jar:/Users/rich/.m2/repository/commons-codec/commons-codec/1.5/commons-codec-1.5.jar:/Users/rich/.m2/repository/commons-fileupload/commons-fileupload/1.2.1/commons-fileupload-1.2.1.jar:/Users/rich/.m2/repository/commons-httpclient/commons-httpclient/3.1/commons-httpclient-3.1.jar:/Users/rich/.m2/repository/org/slf4j/jcl-over-slf4j/1.6.1/jcl-over-slf4j-1.6.1.jar:/Users/rich/.m2/repository/commons-io/commons-io/1.4/commons-io-1.4.jar:/Users/rich/.m2/repository/commons-lang/commons-lang/2.4/commons-lang-2.4.jar:/Users/rich/.m2/repository/com/google/guava/guava/r05/guava-r05.jar:/Users/rich/.m2/repository/javax/servlet/servlet-api/2.4/servlet-api-2.4.jar:/Users/rich/.m2/repository/org/apache/solr/solr-solrj/3.5.0/solr-solrj-3.5.0.jar:/Users/rich/.m2/repository/org/codehaus/woodstox/wstx-asl/3.2.7/wstx-asl-3.2.7.jar:/Users/rich/.m2/repository/org/apache/solr/solr-common/1.3.0/solr-common-1.3.0.jar:/Users/rich/.m2/repository/org/slf4j/slf4j-api/1.6.4/slf4j-api-1.6.4.jar:/Users/rich/.m2/repository/org/slf4j/slf4j-log4j12/1.6.4/slf4j-log4j12-1.6.4.jar:"/>
    <property name="java.vm.specification.version" value="1.0"/>
    <property name="sun.arch.data.model" value="64"/>
    <property name="java.home" value="/System/Library/Java/JavaVirtualMachines/1.6.0.jdk/Contents/Home"/>
    <property name="sun.java.command" value="/Users/rich/Documents/workspace/solr-plugins/target/surefire/surefirebooter1778227281339004711.jar /Users/rich/Documents/workspace/solr-plugins/target/surefire/surefire2020542061298019278tmp /Users/rich/Documents/workspace/solr-plugins/target/surefire/surefire7197481476233713460tmp"/>
    <property name="java.specification.vendor" value="Sun Microsystems Inc."/>
    <property name="user.language" value="en"/>
    <property name="awt.toolkit" value="apple.awt.CToolkit"/>
    <property name="java.vm.info" value="mixed mode"/>
    <property name="java.version" value="1.6.0_29"/>
    <property name="java.ext.dirs" value="/Library/Java/Extensions:/System/Library/Java/Extensions:/System/Library/Java/JavaVirtualMachines/1.6.0.jdk/Contents/Home/lib/ext"/>
    <property name="sun.boot.class.path" value="/System/Library/Java/JavaVirtualMachines/1.6.0.jdk/Contents/Classes/jsfd.jar:/System/Library/Java/JavaVirtualMachines/1.6.0.jdk/Contents/Classes/classes.jar:/System/Library/Frameworks/JavaVM.framework/Frameworks/JavaRuntimeSupport.framework/Resources/Java/JavaRuntimeSupport.jar:/System/Library/Java/JavaVirtualMachines/1.6.0.jdk/Contents/Classes/ui.jar:/System/Library/Java/JavaVirtualMachines/1.6.0.jdk/Contents/Classes/laf.jar:/System/Library/Java/JavaVirtualMachines/1.6.0.jdk/Contents/Classes/sunrsasign.jar:/System/Library/Java/JavaVirtualMachines/1.6.0.jdk/Contents/Classes/jsse.jar:/System/Library/Java/JavaVirtualMachines/1.6.0.jdk/Contents/Classes/jce.jar:/System/Library/Java/JavaVirtualMachines/1.6.0.jdk/Contents/Classes/charsets.jar"/>
    <property name="java.vendor" value="Apple Inc."/>
    <property name="localRepository" value="/Users/rich/.m2/repository"/>
    <property name="file.separator" value="/"/>
    <property name="java.vendor.url.bug" value="http://bugreport.apple.com/"/>
    <property name="sun.cpu.endian" value="little"/>
    <property name="sun.io.unicode.encoding" value="UnicodeLittle"/>
    <property name="mrj.version" value="1060.1.6.0_29-402"/>
    <property name="socksNonProxyHosts" value="local|*.local|169.254/16|*.169.254/16"/>
    <property name="ftp.nonProxyHosts" value="local|*.local|169.254/16|*.169.254/16"/>
    <property name="sun.cpu.isalist" value=""/>
  </properties>
  <testcase time="1.428" classname="sandboxes.solrplugins.DownloadingUpdateProcessorTest" name="downloads"/>
</testsuite>